The doctest for 3-say_my_name test module
==============================================================
This test file only contains a function called ``say_my_name(first_name, last_name="")``.


Usage
======
```say_my_name(first_name, last_name="")``` prints "My name is <first name> <last name>".

Import the Module:
::
		>>> say_my_name = __import__('3-say_my_name').say_my_name

Test if func is empty
::
		>>> say_my_name()
		Traceback (most recent call last):
		TypeError: say_my_name() missing 1 required positional argument: 'first_name'

Test Normal Case
::
		>>> say_my_name('Hello', 'World')
		My name is Hello World

Test for first_name int
::
		>>> say_my_name(1)
		Traceback (most recent call last):
		TypeError: first_name must be a string

Test for both ints
::
		>>> say_my_name(1, 1)
		Traceback (most recent call last):
		TypeError: first_name must be a string

Test for last_name int
::
		>>> say_my_name('1', 1)
		Traceback (most recent call last):
		TypeError: last_name must be a string

Test for empty string
::
		>>> say_my_name('')
		My name is  

Test for one arg
::
		>>> say_my_name('Hello')
		My name is Hello 
